<?xml version="1.0" encoding="UTF-8"?>
<testng-results ignored="0" total="0" passed="0" failed="0" skipped="0">
  <reporter-output>
  </reporter-output>
  <suite started-at="2020-04-22T15:57:34 EEST" name="Cucumber Framework" finished-at="2020-04-22T15:58:12 EEST" duration-ms="37688">
    <groups>
    </groups>
    <test started-at="2020-04-22T15:57:34 EEST" name="CucumberFramework Tests" finished-at="2020-04-22T15:58:12 EEST" duration-ms="37688">
    </test> <!-- CucumberFramework Tests -->
  </suite> <!-- Cucumber Framework -->
</testng-results>
