<?xml version="1.0" encoding="UTF-8"?>
<testng-results ignored="0" total="2" passed="2" failed="0" skipped="0">
  <reporter-output>
  </reporter-output>
  <suite started-at="2020-04-19T16:03:56 EEST" name="Default suite" finished-at="2020-04-19T16:04:44 EEST" duration-ms="47851">
    <groups>
      <group name="cucumber">
        <method signature="AbstractTestNGCucumberTests.feature(cucumber.api.testng.CucumberFeatureWrapper)[pri:0, instance:runners.MainRunner@7f552bd3]" name="feature" class="cucumber.api.testng.AbstractTestNGCucumberTests"/>
      </group> <!-- cucumber -->
    </groups>
    <test started-at="2020-04-19T16:03:56 EEST" name="Default test" finished-at="2020-04-19T16:04:44 EEST" duration-ms="47851">
      <class name="runners.MainRunner">
        <test-method is-config="true" signature="setUpClass()[pri:0, instance:runners.MainRunner@7f552bd3]" started-at="2020-04-19T16:03:56 EEST" name="setUpClass" finished-at="2020-04-19T16:03:56 EEST" duration-ms="412" status="PASS">
          <reporter-output>
          </reporter-output>
        </test-method> <!-- setUpClass -->
        <test-method signature="feature(cucumber.api.testng.CucumberFeatureWrapper)[pri:0, instance:runners.MainRunner@7f552bd3]" started-at="2020-04-19T16:03:56 EEST" name="feature" description="Runs Cucumber Feature" data-provider="features" finished-at="2020-04-19T16:04:22 EEST" duration-ms="26085" status="PASS">
          <params>
            <param index="0">
              <value>
                <![CDATA[Submit data to webdriveruniversity.com using contact us form]]>
              </value>
            </param>
          </params>
          <reporter-output>
          </reporter-output>
        </test-method> <!-- feature -->
        <test-method signature="feature(cucumber.api.testng.CucumberFeatureWrapper)[pri:0, instance:runners.MainRunner@7f552bd3]" started-at="2020-04-19T16:04:22 EEST" name="feature" description="Runs Cucumber Feature" data-provider="features" finished-at="2020-04-19T16:04:43 EEST" duration-ms="20724" status="PASS">
          <params>
            <param index="0">
              <value>
                <![CDATA[Products]]>
              </value>
            </param>
          </params>
          <reporter-output>
          </reporter-output>
        </test-method> <!-- feature -->
        <test-method is-config="true" signature="tearDownClass()[pri:0, instance:runners.MainRunner@7f552bd3]" started-at="2020-04-19T16:04:43 EEST" name="tearDownClass" finished-at="2020-04-19T16:04:44 EEST" duration-ms="427" status="PASS">
          <reporter-output>
          </reporter-output>
        </test-method> <!-- tearDownClass -->
      </class> <!-- runners.MainRunner -->
    </test> <!-- Default test -->
  </suite> <!-- Default suite -->
</testng-results>
